<?xml version="1.0" encoding="UTF-8"?>
<coverage generated="1779116955950" clover="3.2.0">
  <project timestamp="1779116955951" name="All files">
    <metrics statements="100" coveredstatements="99" conditionals="49" coveredconditionals="48" methods="14" coveredmethods="14" elements="163" coveredelements="161" complexity="0" loc="100" ncloc="100" packages="1" files="3" classes="3"/>
    <file name="storage.js" path="/sessions/festive-adoring-ramanujan/mnt/Front-End Developer: Offline Test/OUTPUTS/frontend-code-test/js/storage.js">
      <metrics statements="20" coveredstatements="19" conditionals="10" coveredconditionals="9" methods="5" coveredmethods="5"/>
      <line num="9" count="1" type="stmt"/>
      <line num="16" count="18" type="stmt"/>
      <line num="17" count="18" type="stmt"/>
      <line num="18" count="18" type="cond" truecount="2" falsecount="0"/>
      <line num="19" count="12" type="stmt"/>
      <line num="20" count="11" type="cond" truecount="2" falsecount="0"/>
      <line num="23" count="1" type="stmt"/>
      <line num="32" count="8" type="stmt"/>
      <line num="38" count="8" type="stmt"/>
      <line num="39" count="8" type="stmt"/>
      <line num="40" count="8" type="stmt"/>
      <line num="42" count="8" type="stmt"/>
      <line num="50" count="3" type="stmt"/>
      <line num="51" count="5" type="stmt"/>
      <line num="53" count="3" type="cond" truecount="2" falsecount="0"/>
      <line num="55" count="2" type="stmt"/>
      <line num="56" count="2" type="stmt"/>
      <line num="64" count="8" type="cond" truecount="3" falsecount="1"/>
      <line num="65" count="0" type="stmt"/>
      <line num="68" count="8" type="stmt"/>
    </file>
    <file name="submission-list.js" path="/sessions/festive-adoring-ramanujan/mnt/Front-End Developer: Offline Test/OUTPUTS/frontend-code-test/js/submission-list.js">
      <metrics statements="32" coveredstatements="32" conditionals="0" coveredconditionals="0" methods="4" coveredmethods="4"/>
      <line num="14" count="8" type="stmt"/>
      <line num="15" count="8" type="stmt"/>
      <line num="16" count="8" type="stmt"/>
      <line num="20" count="8" type="stmt"/>
      <line num="22" count="8" type="stmt"/>
      <line num="23" count="8" type="stmt"/>
      <line num="24" count="8" type="stmt"/>
      <line num="33" count="8" type="stmt"/>
      <line num="34" count="8" type="stmt"/>
      <line num="35" count="8" type="stmt"/>
      <line num="38" count="8" type="stmt"/>
      <line num="39" count="8" type="stmt"/>
      <line num="41" count="8" type="stmt"/>
      <line num="48" count="8" type="stmt"/>
      <line num="49" count="32" type="stmt"/>
      <line num="51" count="32" type="stmt"/>
      <line num="52" count="32" type="stmt"/>
      <line num="53" count="32" type="stmt"/>
      <line num="55" count="32" type="stmt"/>
      <line num="56" count="32" type="stmt"/>
      <line num="57" count="32" type="stmt"/>
      <line num="59" count="32" type="stmt"/>
      <line num="60" count="32" type="stmt"/>
      <line num="61" count="32" type="stmt"/>
      <line num="65" count="8" type="stmt"/>
      <line num="66" count="8" type="stmt"/>
      <line num="67" count="8" type="stmt"/>
      <line num="68" count="8" type="stmt"/>
      <line num="70" count="8" type="stmt"/>
      <line num="72" count="8" type="stmt"/>
      <line num="73" count="8" type="stmt"/>
      <line num="75" count="8" type="stmt"/>
    </file>
    <file name="validation.js" path="/sessions/festive-adoring-ramanujan/mnt/Front-End Developer: Offline Test/OUTPUTS/frontend-code-test/js/validation.js">
      <metrics statements="48" coveredstatements="48" conditionals="39" coveredconditionals="39" methods="5" coveredmethods="5"/>
      <line num="14" count="9" type="stmt"/>
      <line num="15" count="9" type="cond" truecount="2" falsecount="0"/>
      <line num="16" count="3" type="stmt"/>
      <line num="18" count="6" type="cond" truecount="2" falsecount="0"/>
      <line num="19" count="1" type="stmt"/>
      <line num="21" count="5" type="stmt"/>
      <line num="30" count="10" type="stmt"/>
      <line num="31" count="10" type="cond" truecount="2" falsecount="0"/>
      <line num="32" count="2" type="stmt"/>
      <line num="35" count="8" type="stmt"/>
      <line num="36" count="8" type="cond" truecount="2" falsecount="0"/>
      <line num="37" count="4" type="stmt"/>
      <line num="39" count="4" type="stmt"/>
      <line num="47" count="10" type="stmt"/>
      <line num="48" count="10" type="cond" truecount="2" falsecount="0"/>
      <line num="49" count="2" type="stmt"/>
      <line num="53" count="8" type="stmt"/>
      <line num="54" count="8" type="stmt"/>
      <line num="55" count="8" type="cond" truecount="2" falsecount="0"/>
      <line num="56" count="1" type="stmt"/>
      <line num="59" count="7" type="stmt"/>
      <line num="60" count="7" type="stmt"/>
      <line num="61" count="7" type="stmt"/>
      <line num="65" count="7" type="stmt"/>
      <line num="67" count="7" type="cond" truecount="3" falsecount="0"/>
      <line num="71" count="7" type="cond" truecount="2" falsecount="0"/>
      <line num="72" count="1" type="stmt"/>
      <line num="76" count="6" type="cond" truecount="2" falsecount="0"/>
      <line num="77" count="1" type="stmt"/>
      <line num="80" count="5" type="stmt"/>
      <line num="88" count="10" type="stmt"/>
      <line num="89" count="10" type="cond" truecount="2" falsecount="0"/>
      <line num="90" count="2" type="stmt"/>
      <line num="94" count="8" type="stmt"/>
      <line num="97" count="8" type="stmt"/>
      <line num="98" count="8" type="cond" truecount="2" falsecount="0"/>
      <line num="99" count="2" type="stmt"/>
      <line num="102" count="6" type="stmt"/>
      <line num="112" count="3" type="stmt"/>
      <line num="114" count="3" type="cond" truecount="2" falsecount="0"/>
      <line num="115" count="3" type="cond" truecount="2" falsecount="0"/>
      <line num="117" count="3" type="cond" truecount="2" falsecount="0"/>
      <line num="118" count="3" type="cond" truecount="2" falsecount="0"/>
      <line num="120" count="3" type="cond" truecount="2" falsecount="0"/>
      <line num="121" count="3" type="cond" truecount="2" falsecount="0"/>
      <line num="123" count="3" type="cond" truecount="2" falsecount="0"/>
      <line num="124" count="3" type="cond" truecount="2" falsecount="0"/>
      <line num="126" count="3" type="stmt"/>
    </file>
  </project>
</coverage>
