{"/sessions/festive-adoring-ramanujan/mnt/Front-End Developer: Offline Test/OUTPUTS/frontend-code-test/js/storage.js": {"path":"/sessions/festive-adoring-ramanujan/mnt/Front-End Developer: Offline Test/OUTPUTS/frontend-code-test/js/storage.js","statementMap":{"0":{"start":{"line":9,"column":20},"end":{"line":9,"column":33}},"1":{"start":{"line":16,"column":2},"end":{"line":24,"column":3}},"2":{"start":{"line":17,"column":16},"end":{"line":17,"column":49}},"3":{"start":{"line":18,"column":4},"end":{"line":18,"column":24}},"4":{"start":{"line":18,"column":14},"end":{"line":18,"column":24}},"5":{"start":{"line":19,"column":19},"end":{"line":19,"column":34}},"6":{"start":{"line":20,"column":4},"end":{"line":20,"column":47}},"7":{"start":{"line":23,"column":4},"end":{"line":23,"column":14}},"8":{"start":{"line":32,"column":21},"end":{"line":36,"column":3}},"9":{"start":{"line":38,"column":19},"end":{"line":38,"column":35}},"10":{"start":{"line":39,"column":2},"end":{"line":39,"column":31}},"11":{"start":{"line":40,"column":2},"end":{"line":40,"column":62}},"12":{"start":{"line":42,"column":2},"end":{"line":42,"column":20}},"13":{"start":{"line":50,"column":19},"end":{"line":50,"column":35}},"14":{"start":{"line":51,"column":19},"end":{"line":51,"column":60}},"15":{"start":{"line":51,"column":45},"end":{"line":51,"column":59}},"16":{"start":{"line":53,"column":2},"end":{"line":53,"column":56}},"17":{"start":{"line":53,"column":43},"end":{"line":53,"column":56}},"18":{"start":{"line":55,"column":2},"end":{"line":55,"column":62}},"19":{"start":{"line":56,"column":2},"end":{"line":56,"column":14}},"20":{"start":{"line":64,"column":2},"end":{"line":66,"column":3}},"21":{"start":{"line":65,"column":4},"end":{"line":65,"column":31}},"22":{"start":{"line":68,"column":2},"end":{"line":68,"column":74}}},"fnMap":{"0":{"name":"getSubmissions","decl":{"start":{"line":15,"column":16},"end":{"line":15,"column":30}},"loc":{"start":{"line":15,"column":33},"end":{"line":25,"column":1}},"line":15},"1":{"name":"addSubmission","decl":{"start":{"line":31,"column":16},"end":{"line":31,"column":29}},"loc":{"start":{"line":31,"column":36},"end":{"line":43,"column":1}},"line":31},"2":{"name":"removeSubmission","decl":{"start":{"line":49,"column":16},"end":{"line":49,"column":32}},"loc":{"start":{"line":49,"column":37},"end":{"line":57,"column":1}},"line":49},"3":{"name":"(anonymous_3)","decl":{"start":{"line":51,"column":35},"end":{"line":51,"column":36}},"loc":{"start":{"line":51,"column":45},"end":{"line":51,"column":59}},"line":51},"4":{"name":"generateId","decl":{"start":{"line":63,"column":9},"end":{"line":63,"column":19}},"loc":{"start":{"line":63,"column":22},"end":{"line":69,"column":1}},"line":63}},"branchMap":{"0":{"loc":{"start":{"line":18,"column":4},"end":{"line":18,"column":24}},"type":"if","locations":[{"start":{"line":18,"column":4},"end":{"line":18,"column":24}},{"start":{},"end":{}}],"line":18},"1":{"loc":{"start":{"line":20,"column":11},"end":{"line":20,"column":46}},"type":"cond-expr","locations":[{"start":{"line":20,"column":35},"end":{"line":20,"column":41}},{"start":{"line":20,"column":44},"end":{"line":20,"column":46}}],"line":20},"2":{"loc":{"start":{"line":53,"column":2},"end":{"line":53,"column":56}},"type":"if","locations":[{"start":{"line":53,"column":2},"end":{"line":53,"column":56}},{"start":{},"end":{}}],"line":53},"3":{"loc":{"start":{"line":64,"column":2},"end":{"line":66,"column":3}},"type":"if","locations":[{"start":{"line":64,"column":2},"end":{"line":66,"column":3}},{"start":{},"end":{}}],"line":64},"4":{"loc":{"start":{"line":64,"column":6},"end":{"line":64,"column":56}},"type":"binary-expr","locations":[{"start":{"line":64,"column":6},"end":{"line":64,"column":35}},{"start":{"line":64,"column":39},"end":{"line":64,"column":56}}],"line":64}},"s":{"0":1,"1":18,"2":18,"3":18,"4":6,"5":12,"6":11,"7":1,"8":8,"9":8,"10":8,"11":8,"12":8,"13":3,"14":3,"15":5,"16":3,"17":1,"18":2,"19":2,"20":8,"21":0,"22":8},"f":{"0":18,"1":8,"2":3,"3":5,"4":8},"b":{"0":[6,12],"1":[10,1],"2":[1,2],"3":[0,8],"4":[8,8]},"_coverageSchema":"1a1c01bbd47fc00a2c39e90264f33305004495a9","hash":"f7b1f924a45a16bc478fa398479fd76d27b794d9"}
,"/sessions/festive-adoring-ramanujan/mnt/Front-End Developer: Offline Test/OUTPUTS/frontend-code-test/js/submission-list.js": {"path":"/sessions/festive-adoring-ramanujan/mnt/Front-End Developer: Offline Test/OUTPUTS/frontend-code-test/js/submission-list.js","statementMap":{"0":{"start":{"line":14,"column":19},"end":{"line":14,"column":41}},"1":{"start":{"line":15,"column":2},"end":{"line":15,"column":33}},"2":{"start":{"line":16,"column":2},"end":{"line":16,"column":33}},"3":{"start":{"line":20,"column":2},"end":{"line":20,"column":29}},"4":{"start":{"line":22,"column":2},"end":{"line":25,"column":5}},"5":{"start":{"line":23,"column":15},"end":{"line":23,"column":47}},"6":{"start":{"line":24,"column":4},"end":{"line":24,"column":32}},"7":{"start":{"line":33,"column":13},"end":{"line":33,"column":41}},"8":{"start":{"line":34,"column":2},"end":{"line":34,"column":38}},"9":{"start":{"line":35,"column":2},"end":{"line":35,"column":32}},"10":{"start":{"line":38,"column":18},"end":{"line":38,"column":47}},"11":{"start":{"line":39,"column":2},"end":{"line":39,"column":52}},"12":{"start":{"line":41,"column":17},"end":{"line":46,"column":3}},"13":{"start":{"line":48,"column":2},"end":{"line":62,"column":5}},"14":{"start":{"line":49,"column":18},"end":{"line":49,"column":47}},"15":{"start":{"line":51,"column":22},"end":{"line":51,"column":52}},"16":{"start":{"line":52,"column":4},"end":{"line":52,"column":54}},"17":{"start":{"line":53,"column":4},"end":{"line":53,"column":41}},"18":{"start":{"line":55,"column":22},"end":{"line":55,"column":52}},"19":{"start":{"line":56,"column":4},"end":{"line":56,"column":54}},"20":{"start":{"line":57,"column":4},"end":{"line":57,"column":34}},"21":{"start":{"line":59,"column":4},"end":{"line":59,"column":33}},"22":{"start":{"line":60,"column":4},"end":{"line":60,"column":33}},"23":{"start":{"line":61,"column":4},"end":{"line":61,"column":31}},"24":{"start":{"line":65,"column":20},"end":{"line":65,"column":52}},"25":{"start":{"line":66,"column":2},"end":{"line":66,"column":28}},"26":{"start":{"line":67,"column":2},"end":{"line":67,"column":48}},"27":{"start":{"line":68,"column":2},"end":{"line":68,"column":35}},"28":{"start":{"line":70,"column":2},"end":{"line":70,"column":68}},"29":{"start":{"line":72,"column":2},"end":{"line":72,"column":26}},"30":{"start":{"line":73,"column":2},"end":{"line":73,"column":28}},"31":{"start":{"line":75,"column":2},"end":{"line":75,"column":12}}},"fnMap":{"0":{"name":"renderSubmissions","decl":{"start":{"line":12,"column":16},"end":{"line":12,"column":33}},"loc":{"start":{"line":12,"column":74},"end":{"line":26,"column":1}},"line":12},"1":{"name":"(anonymous_1)","decl":{"start":{"line":22,"column":22},"end":{"line":22,"column":23}},"loc":{"start":{"line":22,"column":38},"end":{"line":25,"column":3}},"line":22},"2":{"name":"createSubmissionCard","decl":{"start":{"line":32,"column":9},"end":{"line":32,"column":29}},"loc":{"start":{"line":32,"column":42},"end":{"line":76,"column":1}},"line":32},"3":{"name":"(anonymous_3)","decl":{"start":{"line":48,"column":17},"end":{"line":48,"column":18}},"loc":{"start":{"line":48,"column":39},"end":{"line":62,"column":3}},"line":48}},"branchMap":{},"s":{"0":8,"1":8,"2":8,"3":8,"4":8,"5":8,"6":8,"7":8,"8":8,"9":8,"10":8,"11":8,"12":8,"13":8,"14":32,"15":32,"16":32,"17":32,"18":32,"19":32,"20":32,"21":32,"22":32,"23":32,"24":8,"25":8,"26":8,"27":8,"28":8,"29":8,"30":8,"31":8},"f":{"0":8,"1":8,"2":8,"3":32},"b":{},"_coverageSchema":"1a1c01bbd47fc00a2c39e90264f33305004495a9","hash":"d3ebf31d86d5cca723952098ebe64b9f36cd2b24"}
,"/sessions/festive-adoring-ramanujan/mnt/Front-End Developer: Offline Test/OUTPUTS/frontend-code-test/js/validation.js": {"path":"/sessions/festive-adoring-ramanujan/mnt/Front-End Developer: Offline Test/OUTPUTS/frontend-code-test/js/validation.js","statementMap":{"0":{"start":{"line":14,"column":18},"end":{"line":14,"column":30}},"1":{"start":{"line":15,"column":2},"end":{"line":17,"column":3}},"2":{"start":{"line":16,"column":4},"end":{"line":16,"column":34}},"3":{"start":{"line":18,"column":2},"end":{"line":20,"column":3}},"4":{"start":{"line":19,"column":4},"end":{"line":19,"column":44}},"5":{"start":{"line":21,"column":2},"end":{"line":21,"column":14}},"6":{"start":{"line":30,"column":18},"end":{"line":30,"column":30}},"7":{"start":{"line":31,"column":2},"end":{"line":33,"column":3}},"8":{"start":{"line":32,"column":4},"end":{"line":32,"column":36}},"9":{"start":{"line":35,"column":23},"end":{"line":35,"column":54}},"10":{"start":{"line":36,"column":2},"end":{"line":38,"column":3}},"11":{"start":{"line":37,"column":4},"end":{"line":37,"column":41}},"12":{"start":{"line":39,"column":2},"end":{"line":39,"column":14}},"13":{"start":{"line":47,"column":18},"end":{"line":47,"column":30}},"14":{"start":{"line":48,"column":2},"end":{"line":50,"column":3}},"15":{"start":{"line":49,"column":4},"end":{"line":49,"column":38}},"16":{"start":{"line":53,"column":21},"end":{"line":53,"column":60}},"17":{"start":{"line":54,"column":16},"end":{"line":54,"column":41}},"18":{"start":{"line":55,"column":2},"end":{"line":57,"column":3}},"19":{"start":{"line":56,"column":4},"end":{"line":56,"column":60}},"20":{"start":{"line":59,"column":14},"end":{"line":59,"column":36}},"21":{"start":{"line":60,"column":16},"end":{"line":60,"column":38}},"22":{"start":{"line":61,"column":15},"end":{"line":61,"column":37}},"23":{"start":{"line":65,"column":15},"end":{"line":65,"column":45}},"24":{"start":{"line":67,"column":4},"end":{"line":69,"column":26}},"25":{"start":{"line":71,"column":2},"end":{"line":73,"column":3}},"26":{"start":{"line":72,"column":4},"end":{"line":72,"column":31}},"27":{"start":{"line":76,"column":2},"end":{"line":78,"column":3}},"28":{"start":{"line":77,"column":4},"end":{"line":77,"column":47}},"29":{"start":{"line":80,"column":2},"end":{"line":80,"column":14}},"30":{"start":{"line":88,"column":18},"end":{"line":88,"column":30}},"31":{"start":{"line":89,"column":2},"end":{"line":91,"column":3}},"32":{"start":{"line":90,"column":4},"end":{"line":90,"column":34}},"33":{"start":{"line":94,"column":17},"end":{"line":94,"column":49}},"34":{"start":{"line":97,"column":20},"end":{"line":97,"column":50}},"35":{"start":{"line":98,"column":2},"end":{"line":100,"column":3}},"36":{"start":{"line":99,"column":4},"end":{"line":99,"column":43}},"37":{"start":{"line":102,"column":2},"end":{"line":102,"column":14}},"38":{"start":{"line":112,"column":17},"end":{"line":112,"column":19}},"39":{"start":{"line":114,"column":20},"end":{"line":114,"column":49}},"40":{"start":{"line":115,"column":2},"end":{"line":115,"column":41}},"41":{"start":{"line":115,"column":17},"end":{"line":115,"column":41}},"42":{"start":{"line":117,"column":21},"end":{"line":117,"column":52}},"43":{"start":{"line":118,"column":2},"end":{"line":118,"column":44}},"44":{"start":{"line":118,"column":18},"end":{"line":118,"column":44}},"45":{"start":{"line":120,"column":19},"end":{"line":120,"column":46}},"46":{"start":{"line":121,"column":2},"end":{"line":121,"column":38}},"47":{"start":{"line":121,"column":16},"end":{"line":121,"column":38}},"48":{"start":{"line":123,"column":21},"end":{"line":123,"column":52}},"49":{"start":{"line":124,"column":2},"end":{"line":124,"column":44}},"50":{"start":{"line":124,"column":18},"end":{"line":124,"column":44}},"51":{"start":{"line":126,"column":2},"end":{"line":126,"column":16}}},"fnMap":{"0":{"name":"validateName","decl":{"start":{"line":13,"column":16},"end":{"line":13,"column":28}},"loc":{"start":{"line":13,"column":36},"end":{"line":22,"column":1}},"line":13},"1":{"name":"validateEmail","decl":{"start":{"line":29,"column":16},"end":{"line":29,"column":29}},"loc":{"start":{"line":29,"column":37},"end":{"line":40,"column":1}},"line":29},"2":{"name":"validateDob","decl":{"start":{"line":46,"column":16},"end":{"line":46,"column":27}},"loc":{"start":{"line":46,"column":35},"end":{"line":81,"column":1}},"line":46},"3":{"name":"validatePhone","decl":{"start":{"line":87,"column":16},"end":{"line":87,"column":29}},"loc":{"start":{"line":87,"column":37},"end":{"line":103,"column":1}},"line":87},"4":{"name":"validateForm","decl":{"start":{"line":111,"column":16},"end":{"line":111,"column":28}},"loc":{"start":{"line":111,"column":35},"end":{"line":127,"column":1}},"line":111}},"branchMap":{"0":{"loc":{"start":{"line":15,"column":2},"end":{"line":17,"column":3}},"type":"if","locations":[{"start":{"line":15,"column":2},"end":{"line":17,"column":3}},{"start":{},"end":{}}],"line":15},"1":{"loc":{"start":{"line":18,"column":2},"end":{"line":20,"column":3}},"type":"if","locations":[{"start":{"line":18,"column":2},"end":{"line":20,"column":3}},{"start":{},"end":{}}],"line":18},"2":{"loc":{"start":{"line":31,"column":2},"end":{"line":33,"column":3}},"type":"if","locations":[{"start":{"line":31,"column":2},"end":{"line":33,"column":3}},{"start":{},"end":{}}],"line":31},"3":{"loc":{"start":{"line":36,"column":2},"end":{"line":38,"column":3}},"type":"if","locations":[{"start":{"line":36,"column":2},"end":{"line":38,"column":3}},{"start":{},"end":{}}],"line":36},"4":{"loc":{"start":{"line":48,"column":2},"end":{"line":50,"column":3}},"type":"if","locations":[{"start":{"line":48,"column":2},"end":{"line":50,"column":3}},{"start":{},"end":{}}],"line":48},"5":{"loc":{"start":{"line":55,"column":2},"end":{"line":57,"column":3}},"type":"if","locations":[{"start":{"line":55,"column":2},"end":{"line":57,"column":3}},{"start":{},"end":{}}],"line":55},"6":{"loc":{"start":{"line":67,"column":4},"end":{"line":69,"column":26}},"type":"binary-expr","locations":[{"start":{"line":67,"column":4},"end":{"line":67,"column":31}},{"start":{"line":68,"column":4},"end":{"line":68,"column":33}},{"start":{"line":69,"column":4},"end":{"line":69,"column":26}}],"line":67},"7":{"loc":{"start":{"line":71,"column":2},"end":{"line":73,"column":3}},"type":"if","locations":[{"start":{"line":71,"column":2},"end":{"line":73,"column":3}},{"start":{},"end":{}}],"line":71},"8":{"loc":{"start":{"line":76,"column":2},"end":{"line":78,"column":3}},"type":"if","locations":[{"start":{"line":76,"column":2},"end":{"line":78,"column":3}},{"start":{},"end":{}}],"line":76},"9":{"loc":{"start":{"line":89,"column":2},"end":{"line":91,"column":3}},"type":"if","locations":[{"start":{"line":89,"column":2},"end":{"line":91,"column":3}},{"start":{},"end":{}}],"line":89},"10":{"loc":{"start":{"line":98,"column":2},"end":{"line":100,"column":3}},"type":"if","locations":[{"start":{"line":98,"column":2},"end":{"line":100,"column":3}},{"start":{},"end":{}}],"line":98},"11":{"loc":{"start":{"line":114,"column":33},"end":{"line":114,"column":48}},"type":"binary-expr","locations":[{"start":{"line":114,"column":33},"end":{"line":114,"column":42}},{"start":{"line":114,"column":46},"end":{"line":114,"column":48}}],"line":114},"12":{"loc":{"start":{"line":115,"column":2},"end":{"line":115,"column":41}},"type":"if","locations":[{"start":{"line":115,"column":2},"end":{"line":115,"column":41}},{"start":{},"end":{}}],"line":115},"13":{"loc":{"start":{"line":117,"column":35},"end":{"line":117,"column":51}},"type":"binary-expr","locations":[{"start":{"line":117,"column":35},"end":{"line":117,"column":45}},{"start":{"line":117,"column":49},"end":{"line":117,"column":51}}],"line":117},"14":{"loc":{"start":{"line":118,"column":2},"end":{"line":118,"column":44}},"type":"if","locations":[{"start":{"line":118,"column":2},"end":{"line":118,"column":44}},{"start":{},"end":{}}],"line":118},"15":{"loc":{"start":{"line":120,"column":31},"end":{"line":120,"column":45}},"type":"binary-expr","locations":[{"start":{"line":120,"column":31},"end":{"line":120,"column":39}},{"start":{"line":120,"column":43},"end":{"line":120,"column":45}}],"line":120},"16":{"loc":{"start":{"line":121,"column":2},"end":{"line":121,"column":38}},"type":"if","locations":[{"start":{"line":121,"column":2},"end":{"line":121,"column":38}},{"start":{},"end":{}}],"line":121},"17":{"loc":{"start":{"line":123,"column":35},"end":{"line":123,"column":51}},"type":"binary-expr","locations":[{"start":{"line":123,"column":35},"end":{"line":123,"column":45}},{"start":{"line":123,"column":49},"end":{"line":123,"column":51}}],"line":123},"18":{"loc":{"start":{"line":124,"column":2},"end":{"line":124,"column":44}},"type":"if","locations":[{"start":{"line":124,"column":2},"end":{"line":124,"column":44}},{"start":{},"end":{}}],"line":124}},"s":{"0":9,"1":9,"2":3,"3":6,"4":1,"5":5,"6":10,"7":10,"8":2,"9":8,"10":8,"11":4,"12":4,"13":10,"14":10,"15":2,"16":8,"17":8,"18":8,"19":1,"20":7,"21":7,"22":7,"23":7,"24":7,"25":7,"26":1,"27":6,"28":1,"29":5,"30":10,"31":10,"32":2,"33":8,"34":8,"35":8,"36":2,"37":6,"38":3,"39":3,"40":3,"41":1,"42":3,"43":3,"44":2,"45":3,"46":3,"47":1,"48":3,"49":3,"50":1,"51":3},"f":{"0":9,"1":10,"2":10,"3":10,"4":3},"b":{"0":[3,6],"1":[1,5],"2":[2,8],"3":[4,4],"4":[2,8],"5":[1,7],"6":[7,7,6],"7":[1,6],"8":[1,5],"9":[2,8],"10":[2,6],"11":[3,1],"12":[1,2],"13":[3,1],"14":[2,1],"15":[3,1],"16":[1,2],"17":[3,1],"18":[1,2]},"_coverageSchema":"1a1c01bbd47fc00a2c39e90264f33305004495a9","hash":"a4570a6d19ba6d84da192d32f12f07da64c4683b"}
}
