TN:
SF:js/storage.js
FN:15,getSubmissions
FN:31,addSubmission
FN:49,removeSubmission
FN:51,(anonymous_3)
FN:63,generateId
FNF:5
FNH:5
FNDA:18,getSubmissions
FNDA:8,addSubmission
FNDA:3,removeSubmission
FNDA:5,(anonymous_3)
FNDA:8,generateId
DA:9,1
DA:16,18
DA:17,18
DA:18,18
DA:19,12
DA:20,11
DA:23,1
DA:32,8
DA:38,8
DA:39,8
DA:40,8
DA:42,8
DA:50,3
DA:51,5
DA:53,3
DA:55,2
DA:56,2
DA:64,8
DA:65,0
DA:68,8
LF:20
LH:19
BRDA:18,0,0,6
BRDA:18,0,1,12
BRDA:20,1,0,10
BRDA:20,1,1,1
BRDA:53,2,0,1
BRDA:53,2,1,2
BRDA:64,3,0,0
BRDA:64,3,1,8
BRDA:64,4,0,8
BRDA:64,4,1,8
BRF:10
BRH:9
end_of_record
TN:
SF:js/submission-list.js
FN:12,renderSubmissions
FN:22,(anonymous_1)
FN:32,createSubmissionCard
FN:48,(anonymous_3)
FNF:4
FNH:4
FNDA:8,renderSubmissions
FNDA:8,(anonymous_1)
FNDA:8,createSubmissionCard
FNDA:32,(anonymous_3)
DA:14,8
DA:15,8
DA:16,8
DA:20,8
DA:22,8
DA:23,8
DA:24,8
DA:33,8
DA:34,8
DA:35,8
DA:38,8
DA:39,8
DA:41,8
DA:48,8
DA:49,32
DA:51,32
DA:52,32
DA:53,32
DA:55,32
DA:56,32
DA:57,32
DA:59,32
DA:60,32
DA:61,32
DA:65,8
DA:66,8
DA:67,8
DA:68,8
DA:70,8
DA:72,8
DA:73,8
DA:75,8
LF:32
LH:32
BRF:0
BRH:0
end_of_record
TN:
SF:js/validation.js
FN:13,validateName
FN:29,validateEmail
FN:46,validateDob
FN:87,validatePhone
FN:111,validateForm
FNF:5
FNH:5
FNDA:9,validateName
FNDA:10,validateEmail
FNDA:10,validateDob
FNDA:10,validatePhone
FNDA:3,validateForm
DA:14,9
DA:15,9
DA:16,3
DA:18,6
DA:19,1
DA:21,5
DA:30,10
DA:31,10
DA:32,2
DA:35,8
DA:36,8
DA:37,4
DA:39,4
DA:47,10
DA:48,10
DA:49,2
DA:53,8
DA:54,8
DA:55,8
DA:56,1
DA:59,7
DA:60,7
DA:61,7
DA:65,7
DA:67,7
DA:71,7
DA:72,1
DA:76,6
DA:77,1
DA:80,5
DA:88,10
DA:89,10
DA:90,2
DA:94,8
DA:97,8
DA:98,8
DA:99,2
DA:102,6
DA:112,3
DA:114,3
DA:115,3
DA:117,3
DA:118,3
DA:120,3
DA:121,3
DA:123,3
DA:124,3
DA:126,3
LF:48
LH:48
BRDA:15,0,0,3
BRDA:15,0,1,6
BRDA:18,1,0,1
BRDA:18,1,1,5
BRDA:31,2,0,2
BRDA:31,2,1,8
BRDA:36,3,0,4
BRDA:36,3,1,4
BRDA:48,4,0,2
BRDA:48,4,1,8
BRDA:55,5,0,1
BRDA:55,5,1,7
BRDA:67,6,0,7
BRDA:67,6,1,7
BRDA:67,6,2,6
BRDA:71,7,0,1
BRDA:71,7,1,6
BRDA:76,8,0,1
BRDA:76,8,1,5
BRDA:89,9,0,2
BRDA:89,9,1,8
BRDA:98,10,0,2
BRDA:98,10,1,6
BRDA:114,11,0,3
BRDA:114,11,1,1
BRDA:115,12,0,1
BRDA:115,12,1,2
BRDA:117,13,0,3
BRDA:117,13,1,1
BRDA:118,14,0,2
BRDA:118,14,1,1
BRDA:120,15,0,3
BRDA:120,15,1,1
BRDA:121,16,0,1
BRDA:121,16,1,2
BRDA:123,17,0,3
BRDA:123,17,1,1
BRDA:124,18,0,1
BRDA:124,18,1,2
BRF:39
BRH:39
end_of_record
